<?xml version="1.0" encoding="UTF-8"?>
<testng-results skipped="0" failed="0" ignored="0" total="0" passed="0">
  <reporter-output>
  </reporter-output>
  <suite name="service.EvaluatorTest" duration-ms="9" started-at="2021-01-25T22:10:59 BRT" finished-at="2021-01-25T22:10:59 BRT">
    <groups>
    </groups>
    <test name="Command line test" duration-ms="9" started-at="2021-01-25T22:10:59 BRT" finished-at="2021-01-25T22:10:59 BRT">
    </test> <!-- Command line test -->
  </suite> <!-- service.EvaluatorTest -->
</testng-results>
